UTC: 27-Aug-2017 03:02:39  
App Name/Ver: iRacing.com Simulator 64-bit DX11 2.24.1.61
App timestamp: 0x5978B5F1 
Offset: 0x00000001408E33C4  
Exception: 0xC0000005  (STATUS_ACCESS_VIOLATION)

version_system.txt: 2017.07.26.02
session: 84173315   subSession: 20578472
name:'Tom Jenkins' custID:276500 role:driver cIdx:19 playerEIdx:20 driverInfoEIdx:20
mode: web-launched
track: roadamerica\full
session's cars: rufrt12r\track safety\pcrufrt12r 
player's car: rufrt12r\track


ASSERT: <pRecentDriverInfo->info.groupID == pTeamInfo->groupID()> failed: file: carsLoad.cpp  line: 7281
cIdx=9 isSpec=0 drv->cIdx=8 drv->eIdx=9 drvGrp=221477 team->inUse=0 team->drvEIdx=10 team->grp=167871

stack @ 0x000000000014E2A0 
App Base=0x0000000140000000
Warning: Trace may contain false entries...
	0x0000000140553CC0 @ +0x0238
	0x000000014069B48A @ +0x02F8
	0x0000000140133B58 @ +0x0328
	0x00000001405ACE08 @ +0x0358
	0x0000000140133C0D @ +0x0388
	0x000000014082B267 @ +0x0498
	0x000000014082B267 @ +0x04C8
	0x000000014082C91C @ +0x04F8
	0x0000000140031B7C @ +0x0528
	0x0000000140532903 @ +0x0628
	0x0000000140910603 @ +0x0668
	0x0000000140553D92 @ +0x06A8
	0x00000001405FDC02 @ +0x06E8
	0x000000014061979A @ +0x0758
	0x000000014091618D @ +0x0788
	0x00000001405A608E @ +0x0878
	0x0000000140381756 @ +0x09A8
	0x000000014090F328 @ +0x0B28
	0x000000014090FBF5 @ +0x0B68
	0x00000001404CEEBC @ +0x0BA8
	0x000000014081F573 @ +0x0C08
	0x0000000140395B80 @ +0x1748
	0x0000000140395AF3 @ +0x1778
	0x000000014039359C @ +0x17A8
	0x000000014039348F @ +0x17D8
	0x000000014038AC70 @ +0x1A28
	0x0000000140380785 @ +0x1A88
	0x00000001403806B4 @ +0x1AE8
	0x0000000140395B80 @ +0x1B68
	0x0000000140395AF3 @ +0x1B98
	0x0000000140380B0B @ +0x1BC8
	0x00000001403808CD @ +0x1BD8
	0x00000001403AF04C @ +0x1BF8
	0x00000001403809E9 @ +0x1C18
	0x00000001403A2E32 @ +0x1C48
	0x0000000140388880 @ +0x1C78
	0x0000000140388724 @ +0x1CD8
Finished
Exception Module: C:\Program Files (x86)\iRacing\iRacingSim64DX11.exe
